<?xml version="1.0" encoding="UTF-8"?>
<!-- Generated by org.testng.reporters.JUnitXMLReporter -->
<testsuite ignored="0" hostname="DESKTOP-G4LHCG5" failures="0" tests="3" name="Default test" time="3.893" errors="0" timestamp="2023-09-24T00:42:29 IST">
  <testcase classname="com.restapi.DynamicPayload" name="addbookMetod" time="3.431"/>
  <testcase classname="com.restapi.DynamicPayload" name="addbookMetod" time="0.162"/>
  <testcase classname="com.restapi.DynamicPayload" name="addbookMetod" time="0.2"/>
</testsuite> <!-- Default test -->
